<?xml version="1.0" encoding="UTF-8"?>
<!-- Generated by org.testng.reporters.JUnitXMLReporter -->
<testsuite ignored="0" hostname="Aichuroks-MacBook-Air.local" failures="0" tests="3" name="Surefire test" time="46.029" errors="0" timestamp="2024-06-24T12:56:58 KGT">
  <testcase classname="com.automation.tests.PopUpTest" name="verifyButtonWithoutEnteringEmail" time="8.239"/>
  <testcase classname="com.automation.tests.PopUpTest" name="verifyPresenceOfButton" time="7.745"/>
  <testcase classname="com.automation.tests.PopUpTest" name="verifyWorkingOfClosePopUp" time="7.605"/>
</testsuite> <!-- Surefire test -->
