<?xml version="1.0" encoding="UTF-8"?>
<testng-results ignored="0" total="3" passed="3" failed="0" skipped="0">
  <reporter-output>
  </reporter-output>
  <suite started-at="2024-06-24T12:56:12 KGT" name="Surefire suite" finished-at="2024-06-24T12:56:58 KGT" duration-ms="46029">
    <groups>
    </groups>
    <test started-at="2024-06-24T12:56:12 KGT" name="Surefire test" finished-at="2024-06-24T12:56:58 KGT" duration-ms="46029">
      <class name="com.automation.tests.PopUpTest">
        <test-method is-config="true" signature="setUp()[pri:0, instance:com.automation.tests.PopUpTest@e50a6f6]" started-at="2024-06-24T12:56:12 KGT" name="setUp" finished-at="2024-06-24T12:56:23 KGT" duration-ms="10850" status="PASS">
          <reporter-output>
          </reporter-output>
        </test-method> <!-- setUp -->
        <test-method signature="verifyButtonWithoutEnteringEmail()[pri:0, instance:com.automation.tests.PopUpTest@e50a6f6]" started-at="2024-06-24T12:56:23 KGT" name="verifyButtonWithoutEnteringEmail" finished-at="2024-06-24T12:56:31 KGT" duration-ms="8239" status="PASS">
          <reporter-output>
          </reporter-output>
        </test-method> <!-- verifyButtonWithoutEnteringEmail -->
        <test-method is-config="true" signature="cleanUp()[pri:0, instance:com.automation.tests.PopUpTest@e50a6f6]" started-at="2024-06-24T12:56:31 KGT" name="cleanUp" finished-at="2024-06-24T12:56:31 KGT" duration-ms="163" status="PASS">
          <reporter-output>
          </reporter-output>
        </test-method> <!-- cleanUp -->
        <test-method is-config="true" signature="setUp()[pri:0, instance:com.automation.tests.PopUpTest@e50a6f6]" started-at="2024-06-24T12:56:31 KGT" name="setUp" finished-at="2024-06-24T12:56:37 KGT" duration-ms="5453" status="PASS">
          <reporter-output>
          </reporter-output>
        </test-method> <!-- setUp -->
        <test-method signature="verifyPresenceOfButton()[pri:0, instance:com.automation.tests.PopUpTest@e50a6f6]" started-at="2024-06-24T12:56:37 KGT" name="verifyPresenceOfButton" finished-at="2024-06-24T12:56:45 KGT" duration-ms="7745" status="PASS">
          <reporter-output>
          </reporter-output>
        </test-method> <!-- verifyPresenceOfButton -->
        <test-method is-config="true" signature="cleanUp()[pri:0, instance:com.automation.tests.PopUpTest@e50a6f6]" started-at="2024-06-24T12:56:45 KGT" name="cleanUp" finished-at="2024-06-24T12:56:45 KGT" duration-ms="168" status="PASS">
          <reporter-output>
          </reporter-output>
        </test-method> <!-- cleanUp -->
        <test-method is-config="true" signature="setUp()[pri:0, instance:com.automation.tests.PopUpTest@e50a6f6]" started-at="2024-06-24T12:56:45 KGT" name="setUp" finished-at="2024-06-24T12:56:50 KGT" duration-ms="5626" status="PASS">
          <reporter-output>
          </reporter-output>
        </test-method> <!-- setUp -->
        <test-method signature="verifyWorkingOfClosePopUp()[pri:0, instance:com.automation.tests.PopUpTest@e50a6f6]" started-at="2024-06-24T12:56:50 KGT" name="verifyWorkingOfClosePopUp" finished-at="2024-06-24T12:56:58 KGT" duration-ms="7605" status="PASS">
          <reporter-output>
          </reporter-output>
        </test-method> <!-- verifyWorkingOfClosePopUp -->
        <test-method is-config="true" signature="cleanUp()[pri:0, instance:com.automation.tests.PopUpTest@e50a6f6]" started-at="2024-06-24T12:56:58 KGT" name="cleanUp" finished-at="2024-06-24T12:56:58 KGT" duration-ms="150" status="PASS">
          <reporter-output>
          </reporter-output>
        </test-method> <!-- cleanUp -->
      </class> <!-- com.automation.tests.PopUpTest -->
    </test> <!-- Surefire test -->
  </suite> <!-- Surefire suite -->
</testng-results>
